<?xml version="1.0" encoding="UTF-8"?>
<!-- Generated by org.testng.reporters.JUnitReportReporter -->
<testsuite hostname="LAPTOP-9T12L1MN" failures="0" tests="7" name="parallel.TestNGParallelRunner" time="134.002" errors="0" timestamp="2024-02-02T14:20:38 EST" skipped="1">
  <testcase classname="parallel.TestNGParallelRunner" name="runScenario" time="19.521"/>
  <testcase classname="parallel.TestNGParallelRunner" name="runScenario" time="19.438"/>
  <testcase classname="parallel.TestNGParallelRunner" name="runScenario" time="18.945">
    <skipped/>
  </testcase> <!-- runScenario -->
  <testcase classname="parallel.TestNGParallelRunner" name="runScenario" time="18.660"/>
  <testcase classname="parallel.TestNGParallelRunner" name="runScenario" time="18.884"/>
  <testcase classname="parallel.TestNGParallelRunner" name="runScenario" time="19.485"/>
  <testcase classname="parallel.TestNGParallelRunner" name="runScenario" time="19.069"/>
</testsuite> <!-- parallel.TestNGParallelRunner -->
