<?xml version="1.0" encoding="UTF-8"?>
<!-- Generated by org.testng.reporters.JUnitReportReporter -->
<testsuite hostname="LAPTOP-9T12L1MN" failures="0" tests="7" name="parallel.TestNGParallelRunner" time="175.485" errors="0" timestamp="2024-02-01T23:16:29 EST" skipped="0">
  <testcase classname="parallel.TestNGParallelRunner" name="runScenario" time="24.785"/>
  <testcase classname="parallel.TestNGParallelRunner" name="runScenario" time="24.218"/>
  <testcase classname="parallel.TestNGParallelRunner" name="runScenario" time="22.770"/>
  <testcase classname="parallel.TestNGParallelRunner" name="runScenario" time="24.059"/>
  <testcase classname="parallel.TestNGParallelRunner" name="runScenario" time="26.478"/>
  <testcase classname="parallel.TestNGParallelRunner" name="runScenario" time="26.681"/>
  <testcase classname="parallel.TestNGParallelRunner" name="runScenario" time="26.494"/>
</testsuite> <!-- parallel.TestNGParallelRunner -->
